2019-01-11 15:16 +08:00: [0mGET /users [36m304 [0m16.164 ms - -[0m
2019-01-11 15:17 +08:00: [0mGET /users [32m200 [0m22.585 ms - 24[0m
2019-01-11 15:17 +08:00: [0mGET /users [32m200 [0m9.892 ms - 24[0m
2019-01-11 15:17 +08:00: [0mGET /users [32m200 [0m22.401 ms - 24[0m
2019-01-11 15:17 +08:00: [0mGET /hotsale [36m304 [0m10.625 ms - -[0m
2019-01-11 15:19 +08:00: [0mGET /users [32m200 [0m18.195 ms - 24[0m
2019-01-14 14:13 +08:00: [0mGET /hotsale [36m304 [0m110.322 ms - -[0m
2019-01-14 14:14 +08:00: [0mPOST /login [33m404 [0m1166.814 ms - 1212[0m
2019-01-14 14:16 +08:00: [0mPOST /login [32m200 [0m50.501 ms - 49[0m
2019-01-14 14:16 +08:00: [0mPOST /login [32m200 [0m7.889 ms - 43[0m
2019-01-14 14:16 +08:00: [0mGET /login [33m404 [0m753.904 ms - 1212[0m
2019-01-14 14:17 +08:00: [0mPOST /login [32m200 [0m4.432 ms - 43[0m
2019-01-14 14:18 +08:00: [0mPOST /login [32m200 [0m3.083 ms - 43[0m
2019-01-14 14:19 +08:00: [0mPOST /login [32m200 [0m3.004 ms - 40[0m
2019-01-14 14:19 +08:00: [0mPOST /login [32m200 [0m2.355 ms - 43[0m
2019-01-14 14:19 +08:00: [0mPOST /login [32m200 [0m2.134 ms - 40[0m
2019-01-14 15:53 +08:00: [0mPOST /updatePassword [33m404 [0m34.823 ms - 1212[0m
2019-01-14 15:55 +08:00: [0mPOST /updatePassword [33m404 [0m16.659 ms - 1212[0m
2019-01-14 15:56 +08:00: [0mPOST /login [32m200 [0m3.227 ms - 43[0m
2019-01-14 15:57 +08:00: [0mPOST /login [32m200 [0m53.483 ms - 40[0m
2019-01-14 15:57 +08:00: server:修改成功
2019-01-14 15:57 +08:00: [0mPOST /updatePassword [32m200 [0m18.315 ms - 40[0m
